<?xml version="1.0" encoding="UTF-8"?>
<coverage generated="1713974963200" clover="3.2.0">
  <project timestamp="1713974963200" name="All files">
    <metrics statements="32" coveredstatements="8" conditionals="12" coveredconditionals="1" methods="10" coveredmethods="2" elements="54" coveredelements="11" complexity="0" loc="32" ncloc="32" packages="1" files="2" classes="2"/>
    <file name="Utilisateur.js" path="C:\Users\manon\Desktop\COURS\GI05\SR10\TD_Projet\projet\SR10_Projet\td3_appli\model\Utilisateur.js">
      <metrics statements="29" coveredstatements="5" conditionals="12" coveredconditionals="1" methods="10" coveredmethods="2"/>
      <line num="2" count="1" type="stmt"/>
      <line num="5" count="1" type="stmt"/>
      <line num="9" count="1" type="stmt"/>
      <line num="11" count="1" type="cond" truecount="1" falsecount="1"/>
      <line num="13" count="1" type="stmt"/>
      <line num="20" count="0" type="stmt"/>
      <line num="22" count="0" type="cond" truecount="0" falsecount="2"/>
      <line num="24" count="0" type="stmt"/>
      <line num="31" count="0" type="stmt"/>
      <line num="33" count="0" type="stmt"/>
      <line num="35" count="0" type="cond" truecount="0" falsecount="2"/>
      <line num="36" count="0" type="stmt"/>
      <line num="37" count="0" type="stmt"/>
      <line num="38" count="0" type="stmt"/>
      <line num="41" count="0" type="cond" truecount="0" falsecount="2"/>
      <line num="43" count="0" type="stmt"/>
      <line num="46" count="0" type="stmt"/>
      <line num="55" count="0" type="stmt"/>
      <line num="57" count="0" type="stmt"/>
      <line num="59" count="0" type="cond" truecount="0" falsecount="2"/>
      <line num="60" count="0" type="stmt"/>
      <line num="61" count="0" type="stmt"/>
      <line num="62" count="0" type="stmt"/>
      <line num="65" count="0" type="stmt"/>
      <line num="70" count="0" type="stmt"/>
      <line num="71" count="0" type="stmt"/>
      <line num="72" count="0" type="cond" truecount="0" falsecount="2"/>
      <line num="73" count="0" type="stmt"/>
      <line num="75" count="0" type="stmt"/>
    </file>
    <file name="db.js" path="C:\Users\manon\Desktop\COURS\GI05\SR10\TD_Projet\projet\SR10_Projet\td3_appli\model\db.js">
      <metrics statements="3" coveredstatements="3" conditionals="0" coveredconditionals="0" methods="0" coveredmethods="0"/>
      <line num="1" count="1" type="stmt"/>
      <line num="2" count="1" type="stmt"/>
      <line num="8" count="1" type="stmt"/>
    </file>
  </project>
</coverage>
