{"/home/barta/utc/SR10-PROJET/SR10_Projet/td3_appli/model/Utilisateur.js": {"path":"/home/barta/utc/SR10-PROJET/SR10_Projet/td3_appli/model/Utilisateur.js","statementMap":{"0":{"start":{"line":2,"column":9},"end":{"line":2,"column":27}},"1":{"start":{"line":5,"column":0},"end":{"line":157,"column":1}},"2":{"start":{"line":9,"column":8},"end":{"line":14,"column":11}},"3":{"start":{"line":11,"column":12},"end":{"line":11,"column":31}},"4":{"start":{"line":11,"column":21},"end":{"line":11,"column":31}},"5":{"start":{"line":13,"column":12},"end":{"line":13,"column":30}},"6":{"start":{"line":23,"column":8},"end":{"line":28,"column":11}},"7":{"start":{"line":25,"column":12},"end":{"line":25,"column":31}},"8":{"start":{"line":25,"column":21},"end":{"line":25,"column":31}},"9":{"start":{"line":27,"column":12},"end":{"line":27,"column":30}},"10":{"start":{"line":37,"column":8},"end":{"line":42,"column":11}},"11":{"start":{"line":39,"column":12},"end":{"line":39,"column":31}},"12":{"start":{"line":39,"column":21},"end":{"line":39,"column":31}},"13":{"start":{"line":41,"column":12},"end":{"line":41,"column":30}},"14":{"start":{"line":53,"column":18},"end":{"line":53,"column":63}},"15":{"start":{"line":55,"column":8},"end":{"line":70,"column":11}},"16":{"start":{"line":57,"column":12},"end":{"line":61,"column":13}},"17":{"start":{"line":58,"column":16},"end":{"line":58,"column":85}},"18":{"start":{"line":59,"column":16},"end":{"line":59,"column":31}},"19":{"start":{"line":60,"column":16},"end":{"line":60,"column":23}},"20":{"start":{"line":63,"column":12},"end":{"line":69,"column":13}},"21":{"start":{"line":65,"column":16},"end":{"line":65,"column":32}},"22":{"start":{"line":68,"column":16},"end":{"line":68,"column":31}},"23":{"start":{"line":78,"column":18},"end":{"line":78,"column":62}},"24":{"start":{"line":80,"column":8},"end":{"line":95,"column":11}},"25":{"start":{"line":82,"column":12},"end":{"line":86,"column":13}},"26":{"start":{"line":83,"column":16},"end":{"line":83,"column":85}},"27":{"start":{"line":84,"column":16},"end":{"line":84,"column":31}},"28":{"start":{"line":85,"column":16},"end":{"line":85,"column":23}},"29":{"start":{"line":88,"column":12},"end":{"line":94,"column":13}},"30":{"start":{"line":90,"column":16},"end":{"line":90,"column":32}},"31":{"start":{"line":93,"column":16},"end":{"line":93,"column":31}},"32":{"start":{"line":104,"column":18},"end":{"line":104,"column":124}},"33":{"start":{"line":106,"column":8},"end":{"line":116,"column":11}},"34":{"start":{"line":108,"column":12},"end":{"line":115,"column":13}},"35":{"start":{"line":109,"column":16},"end":{"line":109,"column":85}},"36":{"start":{"line":110,"column":16},"end":{"line":110,"column":36}},"37":{"start":{"line":111,"column":16},"end":{"line":111,"column":23}},"38":{"start":{"line":114,"column":16},"end":{"line":114,"column":49}},"39":{"start":{"line":122,"column":18},"end":{"line":122,"column":58}},"40":{"start":{"line":123,"column":8},"end":{"line":130,"column":11}},"41":{"start":{"line":124,"column":12},"end":{"line":129,"column":13}},"42":{"start":{"line":125,"column":16},"end":{"line":125,"column":65}},"43":{"start":{"line":126,"column":16},"end":{"line":126,"column":32}},"44":{"start":{"line":128,"column":16},"end":{"line":128,"column":31}},"45":{"start":{"line":134,"column":18},"end":{"line":134,"column":56}},"46":{"start":{"line":135,"column":8},"end":{"line":142,"column":11}},"47":{"start":{"line":136,"column":12},"end":{"line":141,"column":13}},"48":{"start":{"line":137,"column":16},"end":{"line":137,"column":65}},"49":{"start":{"line":138,"column":16},"end":{"line":138,"column":32}},"50":{"start":{"line":140,"column":16},"end":{"line":140,"column":31}},"51":{"start":{"line":146,"column":20},"end":{"line":146,"column":97}},"52":{"start":{"line":147,"column":8},"end":{"line":154,"column":11}},"53":{"start":{"line":148,"column":12},"end":{"line":153,"column":13}},"54":{"start":{"line":149,"column":16},"end":{"line":149,"column":65}},"55":{"start":{"line":150,"column":16},"end":{"line":150,"column":32}},"56":{"start":{"line":152,"column":16},"end":{"line":152,"column":31}}},"fnMap":{"0":{"name":"(anonymous_0)","decl":{"start":{"line":7,"column":10},"end":{"line":7,"column":11}},"loc":{"start":{"line":7,"column":36},"end":{"line":15,"column":5}},"line":7},"1":{"name":"(anonymous_1)","decl":{"start":{"line":9,"column":67},"end":{"line":9,"column":68}},"loc":{"start":{"line":9,"column":91},"end":{"line":14,"column":9}},"line":9},"2":{"name":"(anonymous_2)","decl":{"start":{"line":22,"column":12},"end":{"line":22,"column":13}},"loc":{"start":{"line":22,"column":36},"end":{"line":29,"column":5}},"line":22},"3":{"name":"(anonymous_3)","decl":{"start":{"line":23,"column":63},"end":{"line":23,"column":64}},"loc":{"start":{"line":23,"column":87},"end":{"line":28,"column":9}},"line":23},"4":{"name":"(anonymous_4)","decl":{"start":{"line":35,"column":13},"end":{"line":35,"column":14}},"loc":{"start":{"line":35,"column":33},"end":{"line":43,"column":5}},"line":35},"5":{"name":"(anonymous_5)","decl":{"start":{"line":37,"column":46},"end":{"line":37,"column":47}},"loc":{"start":{"line":37,"column":70},"end":{"line":42,"column":9}},"line":37},"6":{"name":"(anonymous_6)","decl":{"start":{"line":51,"column":14},"end":{"line":51,"column":15}},"loc":{"start":{"line":51,"column":40},"end":{"line":71,"column":5}},"line":51},"7":{"name":"(anonymous_7)","decl":{"start":{"line":55,"column":28},"end":{"line":55,"column":29}},"loc":{"start":{"line":55,"column":52},"end":{"line":70,"column":9}},"line":55},"8":{"name":"(anonymous_8)","decl":{"start":{"line":76,"column":17},"end":{"line":76,"column":18}},"loc":{"start":{"line":76,"column":47},"end":{"line":96,"column":5}},"line":76},"9":{"name":"(anonymous_9)","decl":{"start":{"line":80,"column":28},"end":{"line":80,"column":29}},"loc":{"start":{"line":80,"column":52},"end":{"line":95,"column":9}},"line":80},"10":{"name":"(anonymous_10)","decl":{"start":{"line":102,"column":11},"end":{"line":102,"column":12}},"loc":{"start":{"line":102,"column":82},"end":{"line":117,"column":5}},"line":102},"11":{"name":"(anonymous_11)","decl":{"start":{"line":106,"column":75},"end":{"line":106,"column":76}},"loc":{"start":{"line":106,"column":99},"end":{"line":116,"column":9}},"line":106},"12":{"name":"(anonymous_12)","decl":{"start":{"line":121,"column":12},"end":{"line":121,"column":13}},"loc":{"start":{"line":121,"column":37},"end":{"line":131,"column":5}},"line":121},"13":{"name":"(anonymous_13)","decl":{"start":{"line":123,"column":28},"end":{"line":123,"column":29}},"loc":{"start":{"line":123,"column":51},"end":{"line":130,"column":9}},"line":123},"14":{"name":"(anonymous_14)","decl":{"start":{"line":133,"column":16},"end":{"line":133,"column":17}},"loc":{"start":{"line":133,"column":39},"end":{"line":143,"column":5}},"line":133},"15":{"name":"(anonymous_15)","decl":{"start":{"line":135,"column":26},"end":{"line":135,"column":27}},"loc":{"start":{"line":135,"column":49},"end":{"line":142,"column":9}},"line":135},"16":{"name":"(anonymous_16)","decl":{"start":{"line":145,"column":12},"end":{"line":145,"column":13}},"loc":{"start":{"line":145,"column":59},"end":{"line":155,"column":5}},"line":145},"17":{"name":"(anonymous_17)","decl":{"start":{"line":147,"column":52},"end":{"line":147,"column":53}},"loc":{"start":{"line":147,"column":75},"end":{"line":154,"column":9}},"line":147}},"branchMap":{"0":{"loc":{"start":{"line":11,"column":12},"end":{"line":11,"column":31}},"type":"if","locations":[{"start":{"line":11,"column":12},"end":{"line":11,"column":31}},{"start":{},"end":{}}],"line":11},"1":{"loc":{"start":{"line":25,"column":12},"end":{"line":25,"column":31}},"type":"if","locations":[{"start":{"line":25,"column":12},"end":{"line":25,"column":31}},{"start":{},"end":{}}],"line":25},"2":{"loc":{"start":{"line":39,"column":12},"end":{"line":39,"column":31}},"type":"if","locations":[{"start":{"line":39,"column":12},"end":{"line":39,"column":31}},{"start":{},"end":{}}],"line":39},"3":{"loc":{"start":{"line":57,"column":12},"end":{"line":61,"column":13}},"type":"if","locations":[{"start":{"line":57,"column":12},"end":{"line":61,"column":13}},{"start":{},"end":{}}],"line":57},"4":{"loc":{"start":{"line":63,"column":12},"end":{"line":69,"column":13}},"type":"if","locations":[{"start":{"line":63,"column":12},"end":{"line":69,"column":13}},{"start":{"line":66,"column":19},"end":{"line":69,"column":13}}],"line":63},"5":{"loc":{"start":{"line":82,"column":12},"end":{"line":86,"column":13}},"type":"if","locations":[{"start":{"line":82,"column":12},"end":{"line":86,"column":13}},{"start":{},"end":{}}],"line":82},"6":{"loc":{"start":{"line":88,"column":12},"end":{"line":94,"column":13}},"type":"if","locations":[{"start":{"line":88,"column":12},"end":{"line":94,"column":13}},{"start":{"line":91,"column":19},"end":{"line":94,"column":13}}],"line":88},"7":{"loc":{"start":{"line":88,"column":16},"end":{"line":88,"column":54}},"type":"binary-expr","locations":[{"start":{"line":88,"column":16},"end":{"line":88,"column":36}},{"start":{"line":88,"column":40},"end":{"line":88,"column":54}}],"line":88},"8":{"loc":{"start":{"line":108,"column":12},"end":{"line":115,"column":13}},"type":"if","locations":[{"start":{"line":108,"column":12},"end":{"line":115,"column":13}},{"start":{"line":112,"column":19},"end":{"line":115,"column":13}}],"line":108},"9":{"loc":{"start":{"line":124,"column":12},"end":{"line":129,"column":13}},"type":"if","locations":[{"start":{"line":124,"column":12},"end":{"line":129,"column":13}},{"start":{"line":127,"column":19},"end":{"line":129,"column":13}}],"line":124},"10":{"loc":{"start":{"line":136,"column":12},"end":{"line":141,"column":13}},"type":"if","locations":[{"start":{"line":136,"column":12},"end":{"line":141,"column":13}},{"start":{"line":139,"column":19},"end":{"line":141,"column":13}}],"line":136},"11":{"loc":{"start":{"line":148,"column":12},"end":{"line":153,"column":13}},"type":"if","locations":[{"start":{"line":148,"column":12},"end":{"line":153,"column":13}},{"start":{"line":151,"column":19},"end":{"line":153,"column":13}}],"line":148}},"s":{"0":1,"1":1,"2":1,"3":0,"4":0,"5":0,"6":0,"7":0,"8":0,"9":0,"10":0,"11":0,"12":0,"13":0,"14":0,"15":0,"16":0,"17":0,"18":0,"19":0,"20":0,"21":0,"22":0,"23":0,"24":0,"25":0,"26":0,"27":0,"28":0,"29":0,"30":0,"31":0,"32":0,"33":0,"34":0,"35":0,"36":0,"37":0,"38":0,"39":0,"40":0,"41":0,"42":0,"43":0,"44":0,"45":0,"46":0,"47":0,"48":0,"49":0,"50":0,"51":0,"52":0,"53":0,"54":0,"55":0,"56":0},"f":{"0":1,"1":0,"2":0,"3":0,"4":0,"5":0,"6":0,"7":0,"8":0,"9":0,"10":0,"11":0,"12":0,"13":0,"14":0,"15":0,"16":0,"17":0},"b":{"0":[0,0],"1":[0,0],"2":[0,0],"3":[0,0],"4":[0,0],"5":[0,0],"6":[0,0],"7":[0,0],"8":[0,0],"9":[0,0],"10":[0,0],"11":[0,0]},"_coverageSchema":"1a1c01bbd47fc00a2c39e90264f33305004495a9","hash":"37dcad79347b3d254d1b760519662a71c6d32403"}
,"/home/barta/utc/SR10-PROJET/SR10_Projet/td3_appli/model/db.js": {"path":"/home/barta/utc/SR10-PROJET/SR10_Projet/td3_appli/model/db.js","statementMap":{"0":{"start":{"line":1,"column":12},"end":{"line":1,"column":28}},"1":{"start":{"line":2,"column":11},"end":{"line":7,"column":2}},"2":{"start":{"line":8,"column":0},"end":{"line":8,"column":22}}},"fnMap":{},"branchMap":{},"s":{"0":1,"1":1,"2":1},"f":{},"b":{},"_coverageSchema":"1a1c01bbd47fc00a2c39e90264f33305004495a9","hash":"3ea573e9e76f7e0a3f661f450dc95f6c5ebe8cdd"}
}
