{"C:\\Users\\manon\\Desktop\\COURS\\GI05\\SR10\\TD_Projet\\projet\\SR10_Projet\\td3_appli\\model\\Utilisateur.js": {"path":"C:\\Users\\manon\\Desktop\\COURS\\GI05\\SR10\\TD_Projet\\projet\\SR10_Projet\\td3_appli\\model\\Utilisateur.js","statementMap":{"0":{"start":{"line":2,"column":9},"end":{"line":2,"column":27}},"1":{"start":{"line":5,"column":0},"end":{"line":80,"column":1}},"2":{"start":{"line":9,"column":8},"end":{"line":14,"column":11}},"3":{"start":{"line":11,"column":12},"end":{"line":11,"column":31}},"4":{"start":{"line":11,"column":21},"end":{"line":11,"column":31}},"5":{"start":{"line":13,"column":12},"end":{"line":13,"column":30}},"6":{"start":{"line":20,"column":8},"end":{"line":25,"column":11}},"7":{"start":{"line":22,"column":12},"end":{"line":22,"column":31}},"8":{"start":{"line":22,"column":21},"end":{"line":22,"column":31}},"9":{"start":{"line":24,"column":12},"end":{"line":24,"column":30}},"10":{"start":{"line":31,"column":18},"end":{"line":31,"column":63}},"11":{"start":{"line":33,"column":8},"end":{"line":48,"column":11}},"12":{"start":{"line":35,"column":12},"end":{"line":39,"column":13}},"13":{"start":{"line":36,"column":16},"end":{"line":36,"column":85}},"14":{"start":{"line":37,"column":16},"end":{"line":37,"column":31}},"15":{"start":{"line":38,"column":16},"end":{"line":38,"column":23}},"16":{"start":{"line":41,"column":12},"end":{"line":47,"column":13}},"17":{"start":{"line":43,"column":16},"end":{"line":43,"column":32}},"18":{"start":{"line":46,"column":16},"end":{"line":46,"column":31}},"19":{"start":{"line":55,"column":18},"end":{"line":55,"column":124}},"20":{"start":{"line":57,"column":8},"end":{"line":67,"column":11}},"21":{"start":{"line":59,"column":12},"end":{"line":66,"column":13}},"22":{"start":{"line":60,"column":16},"end":{"line":60,"column":85}},"23":{"start":{"line":61,"column":16},"end":{"line":61,"column":31}},"24":{"start":{"line":62,"column":16},"end":{"line":62,"column":23}},"25":{"start":{"line":65,"column":16},"end":{"line":65,"column":31}},"26":{"start":{"line":70,"column":18},"end":{"line":70,"column":58}},"27":{"start":{"line":71,"column":8},"end":{"line":77,"column":10}},"28":{"start":{"line":72,"column":12},"end":{"line":76,"column":13}},"29":{"start":{"line":73,"column":16},"end":{"line":73,"column":26}},"30":{"start":{"line":75,"column":16},"end":{"line":75,"column":31}}},"fnMap":{"0":{"name":"(anonymous_0)","decl":{"start":{"line":7,"column":10},"end":{"line":7,"column":11}},"loc":{"start":{"line":7,"column":36},"end":{"line":15,"column":5}},"line":7},"1":{"name":"(anonymous_1)","decl":{"start":{"line":9,"column":67},"end":{"line":9,"column":68}},"loc":{"start":{"line":9,"column":91},"end":{"line":14,"column":9}},"line":9},"2":{"name":"(anonymous_2)","decl":{"start":{"line":18,"column":13},"end":{"line":18,"column":14}},"loc":{"start":{"line":18,"column":33},"end":{"line":26,"column":5}},"line":18},"3":{"name":"(anonymous_3)","decl":{"start":{"line":20,"column":46},"end":{"line":20,"column":47}},"loc":{"start":{"line":20,"column":70},"end":{"line":25,"column":9}},"line":20},"4":{"name":"(anonymous_4)","decl":{"start":{"line":29,"column":14},"end":{"line":29,"column":15}},"loc":{"start":{"line":29,"column":40},"end":{"line":49,"column":5}},"line":29},"5":{"name":"(anonymous_5)","decl":{"start":{"line":33,"column":28},"end":{"line":33,"column":29}},"loc":{"start":{"line":33,"column":52},"end":{"line":48,"column":9}},"line":33},"6":{"name":"(anonymous_6)","decl":{"start":{"line":53,"column":11},"end":{"line":53,"column":12}},"loc":{"start":{"line":53,"column":82},"end":{"line":68,"column":5}},"line":53},"7":{"name":"(anonymous_7)","decl":{"start":{"line":57,"column":75},"end":{"line":57,"column":76}},"loc":{"start":{"line":57,"column":99},"end":{"line":67,"column":9}},"line":57},"8":{"name":"(anonymous_8)","decl":{"start":{"line":69,"column":13},"end":{"line":69,"column":14}},"loc":{"start":{"line":69,"column":36},"end":{"line":78,"column":5}},"line":69},"9":{"name":"(anonymous_9)","decl":{"start":{"line":71,"column":26},"end":{"line":71,"column":27}},"loc":{"start":{"line":71,"column":47},"end":{"line":77,"column":9}},"line":71}},"branchMap":{"0":{"loc":{"start":{"line":11,"column":12},"end":{"line":11,"column":31}},"type":"if","locations":[{"start":{"line":11,"column":12},"end":{"line":11,"column":31}},{"start":{},"end":{}}],"line":11},"1":{"loc":{"start":{"line":22,"column":12},"end":{"line":22,"column":31}},"type":"if","locations":[{"start":{"line":22,"column":12},"end":{"line":22,"column":31}},{"start":{},"end":{}}],"line":22},"2":{"loc":{"start":{"line":35,"column":12},"end":{"line":39,"column":13}},"type":"if","locations":[{"start":{"line":35,"column":12},"end":{"line":39,"column":13}},{"start":{},"end":{}}],"line":35},"3":{"loc":{"start":{"line":41,"column":12},"end":{"line":47,"column":13}},"type":"if","locations":[{"start":{"line":41,"column":12},"end":{"line":47,"column":13}},{"start":{"line":44,"column":19},"end":{"line":47,"column":13}}],"line":41},"4":{"loc":{"start":{"line":59,"column":12},"end":{"line":66,"column":13}},"type":"if","locations":[{"start":{"line":59,"column":12},"end":{"line":66,"column":13}},{"start":{"line":63,"column":19},"end":{"line":66,"column":13}}],"line":59},"5":{"loc":{"start":{"line":72,"column":12},"end":{"line":76,"column":13}},"type":"if","locations":[{"start":{"line":72,"column":12},"end":{"line":76,"column":13}},{"start":{"line":74,"column":17},"end":{"line":76,"column":13}}],"line":72}},"s":{"0":1,"1":1,"2":1,"3":1,"4":0,"5":1,"6":0,"7":0,"8":0,"9":0,"10":0,"11":0,"12":0,"13":0,"14":0,"15":0,"16":0,"17":0,"18":0,"19":0,"20":0,"21":0,"22":0,"23":0,"24":0,"25":0,"26":0,"27":0,"28":0,"29":0,"30":0},"f":{"0":1,"1":1,"2":0,"3":0,"4":0,"5":0,"6":0,"7":0,"8":0,"9":0},"b":{"0":[0,1],"1":[0,0],"2":[0,0],"3":[0,0],"4":[0,0],"5":[0,0]},"_coverageSchema":"1a1c01bbd47fc00a2c39e90264f33305004495a9","hash":"ab051531d1d85274c963bd6851fb144d3c17c9c7"}
,"C:\\Users\\manon\\Desktop\\COURS\\GI05\\SR10\\TD_Projet\\projet\\SR10_Projet\\td3_appli\\model\\db.js": {"path":"C:\\Users\\manon\\Desktop\\COURS\\GI05\\SR10\\TD_Projet\\projet\\SR10_Projet\\td3_appli\\model\\db.js","statementMap":{"0":{"start":{"line":1,"column":12},"end":{"line":1,"column":28}},"1":{"start":{"line":2,"column":11},"end":{"line":7,"column":2}},"2":{"start":{"line":8,"column":0},"end":{"line":8,"column":22}}},"fnMap":{},"branchMap":{},"s":{"0":1,"1":1,"2":1},"f":{},"b":{},"_coverageSchema":"1a1c01bbd47fc00a2c39e90264f33305004495a9","hash":"7011e89ae955efd8a055a0515a525c2ecb2bc585"}
}
